{"/Users/vyshnavitaliyakula/insurance-app/app/policy/new.tsx": {"path":"/Users/vyshnavitaliyakula/insurance-app/app/policy/new.tsx","statementMap":{"0":{"start":{"line":13,"column":34},"end":{"line":13,"column":46}},"1":{"start":{"line":14,"column":26},"end":{"line":14,"column":80}},"2":{"start":{"line":15,"column":20},"end":{"line":15,"column":46}},"3":{"start":{"line":16,"column":17},"end":{"line":16,"column":28}},"4":{"start":{"line":19,"column":15},"end":{"line":19,"column":23}},"5":{"start":{"line":20,"column":22},"end":{"line":31,"column":3}},"6":{"start":{"line":33,"column":2},"end":{"line":33,"column":36}},"7":{"start":{"line":34,"column":4},"end":{"line":34,"column":36}},"8":{"start":{"line":37,"column":2},"end":{"line":57,"column":4}},"9":{"start":{"line":51,"column":4},"end":{"line":51,"column":57}}},"fnMap":{"0":{"name":"NewPolicy","decl":{"start":{"line":12,"column":24},"end":{"line":12,"column":33}},"loc":{"start":{"line":12,"column":36},"end":{"line":58,"column":1}},"line":12},"1":{"name":"handleSave","decl":{"start":{"line":18,"column":11},"end":{"line":18,"column":21}},"loc":{"start":{"line":18,"column":24},"end":{"line":35,"column":3}},"line":18},"2":{"name":"(anonymous_2)","decl":{"start":{"line":50,"column":17},"end":{"line":50,"column":18}},"loc":{"start":{"line":51,"column":4},"end":{"line":51,"column":57}},"line":51}},"branchMap":{},"s":{"0":2,"1":2,"2":2,"3":2,"4":1,"5":1,"6":1,"7":1,"8":2,"9":0},"f":{"0":2,"1":1,"2":0},"b":{},"_coverageSchema":"1a1c01bbd47fc00a2c39e90264f33305004495a9","hash":"6d5f118bd3c904720af6a76eecae816e472d20e3"}
,"/Users/vyshnavitaliyakula/insurance-app/app/policy/[id]/addDocument.tsx": {"path":"/Users/vyshnavitaliyakula/insurance-app/app/policy/[id]/addDocument.tsx","statementMap":{"0":{"start":{"line":15,"column":19},"end":{"line":15,"column":32}},"1":{"start":{"line":16,"column":17},"end":{"line":16,"column":55}},"2":{"start":{"line":17,"column":17},"end":{"line":17,"column":28}},"3":{"start":{"line":19,"column":26},"end":{"line":19,"column":41}},"4":{"start":{"line":20,"column":28},"end":{"line":20,"column":56}},"5":{"start":{"line":26,"column":4},"end":{"line":57,"column":5}},"6":{"start":{"line":27,"column":6},"end":{"line":27,"column":20}},"7":{"start":{"line":28,"column":6},"end":{"line":28,"column":21}},"8":{"start":{"line":30,"column":20},"end":{"line":30,"column":34}},"9":{"start":{"line":31,"column":6},"end":{"line":31,"column":25}},"10":{"start":{"line":31,"column":18},"end":{"line":31,"column":25}},"11":{"start":{"line":33,"column":21},"end":{"line":36,"column":8}},"12":{"start":{"line":38,"column":32},"end":{"line":42,"column":7}},"13":{"start":{"line":44,"column":6},"end":{"line":44,"column":57}},"14":{"start":{"line":45,"column":6},"end":{"line":50,"column":8}},"15":{"start":{"line":52,"column":6},"end":{"line":52,"column":20}},"16":{"start":{"line":54,"column":6},"end":{"line":54,"column":77}},"17":{"start":{"line":56,"column":6},"end":{"line":56,"column":21}},"18":{"start":{"line":60,"column":2},"end":{"line":62,"column":3}},"19":{"start":{"line":61,"column":4},"end":{"line":61,"column":27}},"20":{"start":{"line":64,"column":2},"end":{"line":81,"column":4}},"21":{"start":{"line":67,"column":58},"end":{"line":67,"column":72}},"22":{"start":{"line":72,"column":23},"end":{"line":72,"column":59}},"23":{"start":{"line":77,"column":23},"end":{"line":77,"column":58}}},"fnMap":{"0":{"name":"AddDocument","decl":{"start":{"line":14,"column":24},"end":{"line":14,"column":35}},"loc":{"start":{"line":14,"column":38},"end":{"line":82,"column":1}},"line":14},"1":{"name":"handleAdd","decl":{"start":{"line":22,"column":17},"end":{"line":22,"column":26}},"loc":{"start":{"line":25,"column":4},"end":{"line":58,"column":3}},"line":25},"2":{"name":"(anonymous_2)","decl":{"start":{"line":67,"column":52},"end":{"line":67,"column":53}},"loc":{"start":{"line":67,"column":58},"end":{"line":67,"column":72}},"line":67},"3":{"name":"(anonymous_3)","decl":{"start":{"line":72,"column":17},"end":{"line":72,"column":18}},"loc":{"start":{"line":72,"column":23},"end":{"line":72,"column":59}},"line":72},"4":{"name":"(anonymous_4)","decl":{"start":{"line":77,"column":17},"end":{"line":77,"column":18}},"loc":{"start":{"line":77,"column":23},"end":{"line":77,"column":58}},"line":77}},"branchMap":{"0":{"loc":{"start":{"line":31,"column":6},"end":{"line":31,"column":25}},"type":"if","locations":[{"start":{"line":31,"column":6},"end":{"line":31,"column":25}},{"start":{},"end":{}}],"line":31},"1":{"loc":{"start":{"line":35,"column":18},"end":{"line":35,"column":45}},"type":"binary-expr","locations":[{"start":{"line":35,"column":18},"end":{"line":35,"column":32}},{"start":{"line":35,"column":36},"end":{"line":35,"column":45}}],"line":35},"2":{"loc":{"start":{"line":54,"column":15},"end":{"line":54,"column":75}},"type":"cond-expr","locations":[{"start":{"line":54,"column":36},"end":{"line":54,"column":37}},{"start":{"line":54,"column":40},"end":{"line":54,"column":75}}],"line":54},"3":{"loc":{"start":{"line":60,"column":2},"end":{"line":62,"column":3}},"type":"if","locations":[{"start":{"line":60,"column":2},"end":{"line":62,"column":3}},{"start":{},"end":{}}],"line":60},"4":{"loc":{"start":{"line":66,"column":7},"end":{"line":68,"column":7}},"type":"binary-expr","locations":[{"start":{"line":66,"column":7},"end":{"line":66,"column":12}},{"start":{"line":67,"column":8},"end":{"line":67,"column":76}}],"line":66}},"s":{"0":3,"1":3,"2":3,"3":3,"4":3,"5":1,"6":1,"7":1,"8":1,"9":1,"10":0,"11":1,"12":1,"13":1,"14":1,"15":1,"16":0,"17":1,"18":3,"19":1,"20":2,"21":0,"22":1,"23":0},"f":{"0":3,"1":1,"2":0,"3":1,"4":0},"b":{"0":[0,1],"1":[1,0],"2":[0,0],"3":[1,2],"4":[2,0]},"_coverageSchema":"1a1c01bbd47fc00a2c39e90264f33305004495a9","hash":"1cb45b89effbb765c32ec976d906523427d99db7"}
,"/Users/vyshnavitaliyakula/insurance-app/app/policy/[id]/addReminder.tsx": {"path":"/Users/vyshnavitaliyakula/insurance-app/app/policy/[id]/addReminder.tsx","statementMap":{"0":{"start":{"line":18,"column":17},"end":{"line":18,"column":55}},"1":{"start":{"line":19,"column":17},"end":{"line":19,"column":28}},"2":{"start":{"line":20,"column":28},"end":{"line":20,"column":40}},"3":{"start":{"line":21,"column":26},"end":{"line":21,"column":73}},"4":{"start":{"line":22,"column":46},"end":{"line":22,"column":61}},"5":{"start":{"line":23,"column":26},"end":{"line":23,"column":78}},"6":{"start":{"line":24,"column":19},"end":{"line":24,"column":45}},"7":{"start":{"line":27,"column":18},"end":{"line":27,"column":22}},"8":{"start":{"line":28,"column":4},"end":{"line":30,"column":5}},"9":{"start":{"line":29,"column":6},"end":{"line":29,"column":49}},"10":{"start":{"line":32,"column":23},"end":{"line":32,"column":31}},"11":{"start":{"line":33,"column":4},"end":{"line":40,"column":6}},"12":{"start":{"line":41,"column":4},"end":{"line":46,"column":6}},"13":{"start":{"line":48,"column":22},"end":{"line":48,"column":77}},"14":{"start":{"line":49,"column":4},"end":{"line":49,"column":78}},"15":{"start":{"line":51,"column":4},"end":{"line":51,"column":18}},"16":{"start":{"line":54,"column":2},"end":{"line":100,"column":4}},"17":{"start":{"line":66,"column":57},"end":{"line":66,"column":79}},"18":{"start":{"line":76,"column":12},"end":{"line":76,"column":34}},"19":{"start":{"line":77,"column":12},"end":{"line":77,"column":36}},"20":{"start":{"line":79,"column":26},"end":{"line":79,"column":49}},"21":{"start":{"line":93,"column":10},"end":{"line":93,"column":58}},"22":{"start":{"line":103,"column":15},"end":{"line":114,"column":2}}},"fnMap":{"0":{"name":"AddReminder","decl":{"start":{"line":17,"column":24},"end":{"line":17,"column":35}},"loc":{"start":{"line":17,"column":38},"end":{"line":101,"column":1}},"line":17},"1":{"name":"saveReminder","decl":{"start":{"line":26,"column":17},"end":{"line":26,"column":29}},"loc":{"start":{"line":26,"column":32},"end":{"line":52,"column":3}},"line":26},"2":{"name":"(anonymous_2)","decl":{"start":{"line":66,"column":51},"end":{"line":66,"column":52}},"loc":{"start":{"line":66,"column":57},"end":{"line":66,"column":79}},"line":66},"3":{"name":"(anonymous_3)","decl":{"start":{"line":75,"column":21},"end":{"line":75,"column":22}},"loc":{"start":{"line":75,"column":39},"end":{"line":78,"column":11}},"line":75},"4":{"name":"(anonymous_4)","decl":{"start":{"line":79,"column":20},"end":{"line":79,"column":21}},"loc":{"start":{"line":79,"column":26},"end":{"line":79,"column":49}},"line":79},"5":{"name":"(anonymous_5)","decl":{"start":{"line":92,"column":23},"end":{"line":92,"column":24}},"loc":{"start":{"line":93,"column":10},"end":{"line":93,"column":58}},"line":93}},"branchMap":{"0":{"loc":{"start":{"line":28,"column":4},"end":{"line":30,"column":5}},"type":"if","locations":[{"start":{"line":28,"column":4},"end":{"line":30,"column":5}},{"start":{},"end":{}}],"line":28}},"s":{"0":2,"1":2,"2":2,"3":2,"4":2,"5":2,"6":2,"7":1,"8":1,"9":0,"10":1,"11":1,"12":1,"13":1,"14":1,"15":1,"16":2,"17":0,"18":0,"19":0,"20":0,"21":0,"22":1},"f":{"0":2,"1":1,"2":0,"3":0,"4":0,"5":0},"b":{"0":[0,1]},"_coverageSchema":"1a1c01bbd47fc00a2c39e90264f33305004495a9","hash":"83ae4b9406634160f4274c784a8ba30716029c72"}
,"/Users/vyshnavitaliyakula/insurance-app/app/policy/[id]/editPolicy.tsx": {"path":"/Users/vyshnavitaliyakula/insurance-app/app/policy/[id]/editPolicy.tsx","statementMap":{"0":{"start":{"line":13,"column":17},"end":{"line":13,"column":55}},"1":{"start":{"line":14,"column":17},"end":{"line":14,"column":78}},"2":{"start":{"line":14,"column":41},"end":{"line":14,"column":77}},"3":{"start":{"line":15,"column":34},"end":{"line":15,"column":66}},"4":{"start":{"line":16,"column":19},"end":{"line":16,"column":45}},"5":{"start":{"line":17,"column":17},"end":{"line":17,"column":28}},"6":{"start":{"line":19,"column":2},"end":{"line":19,"column":82}},"7":{"start":{"line":19,"column":15},"end":{"line":19,"column":82}},"8":{"start":{"line":22,"column":3},"end":{"line":22,"column":51}},"9":{"start":{"line":23,"column":4},"end":{"line":23,"column":18}},"10":{"start":{"line":26,"column":2},"end":{"line":31,"column":4}}},"fnMap":{"0":{"name":"EditPolicy","decl":{"start":{"line":12,"column":24},"end":{"line":12,"column":34}},"loc":{"start":{"line":12,"column":37},"end":{"line":32,"column":1}},"line":12},"1":{"name":"(anonymous_1)","decl":{"start":{"line":14,"column":29},"end":{"line":14,"column":30}},"loc":{"start":{"line":14,"column":41},"end":{"line":14,"column":77}},"line":14},"2":{"name":"handleSave","decl":{"start":{"line":21,"column":11},"end":{"line":21,"column":21}},"loc":{"start":{"line":21,"column":24},"end":{"line":24,"column":3}},"line":21}},"branchMap":{"0":{"loc":{"start":{"line":15,"column":43},"end":{"line":15,"column":65}},"type":"binary-expr","locations":[{"start":{"line":15,"column":43},"end":{"line":15,"column":59}},{"start":{"line":15,"column":63},"end":{"line":15,"column":65}}],"line":15},"1":{"loc":{"start":{"line":19,"column":2},"end":{"line":19,"column":82}},"type":"if","locations":[{"start":{"line":19,"column":2},"end":{"line":19,"column":82}},{"start":{},"end":{}}],"line":19}},"s":{"0":3,"1":3,"2":5,"3":3,"4":3,"5":3,"6":3,"7":0,"8":1,"9":1,"10":3},"f":{"0":3,"1":5,"2":1},"b":{"0":[3,0],"1":[0,3]},"_coverageSchema":"1a1c01bbd47fc00a2c39e90264f33305004495a9","hash":"2e62d8da29630f26cd837348ffb3fc4d45786b43"}
,"/Users/vyshnavitaliyakula/insurance-app/src/data/api/client.ts": {"path":"/Users/vyshnavitaliyakula/insurance-app/src/data/api/client.ts","statementMap":{"0":{"start":{"line":12,"column":44},"end":{"line":12,"column":82}},"1":{"start":{"line":13,"column":18},"end":{"line":13,"column":46}},"2":{"start":{"line":14,"column":4},"end":{"line":14,"column":57}},"3":{"start":{"line":14,"column":15},"end":{"line":14,"column":57}},"4":{"start":{"line":15,"column":16},"end":{"line":17,"column":6}},"5":{"start":{"line":18,"column":4},"end":{"line":18,"column":68}},"6":{"start":{"line":18,"column":17},"end":{"line":18,"column":68}},"7":{"start":{"line":19,"column":4},"end":{"line":19,"column":36}},"8":{"start":{"line":21,"column":22},"end":{"line":21,"column":55}},"9":{"start":{"line":22,"column":35},"end":{"line":22,"column":72}},"10":{"start":{"line":23,"column":34},"end":{"line":23,"column":70}},"11":{"start":{"line":24,"column":25},"end":{"line":24,"column":61}}},"fnMap":{"0":{"name":"(anonymous_0)","decl":{"start":{"line":10,"column":2},"end":{"line":10,"column":3}},"loc":{"start":{"line":10,"column":46},"end":{"line":10,"column":48}},"line":10},"1":{"name":"(anonymous_1)","decl":{"start":{"line":11,"column":2},"end":{"line":11,"column":3}},"loc":{"start":{"line":11,"column":81},"end":{"line":20,"column":3}},"line":11},"2":{"name":"(anonymous_2)","decl":{"start":{"line":21,"column":2},"end":{"line":21,"column":3}},"loc":{"start":{"line":21,"column":20},"end":{"line":21,"column":57}},"line":21},"3":{"name":"(anonymous_3)","decl":{"start":{"line":22,"column":2},"end":{"line":22,"column":3}},"loc":{"start":{"line":22,"column":33},"end":{"line":22,"column":74}},"line":22},"4":{"name":"(anonymous_4)","decl":{"start":{"line":23,"column":2},"end":{"line":23,"column":3}},"loc":{"start":{"line":23,"column":32},"end":{"line":23,"column":72}},"line":23},"5":{"name":"(anonymous_5)","decl":{"start":{"line":24,"column":2},"end":{"line":24,"column":3}},"loc":{"start":{"line":24,"column":23},"end":{"line":24,"column":63}},"line":24}},"branchMap":{"0":{"loc":{"start":{"line":14,"column":4},"end":{"line":14,"column":57}},"type":"if","locations":[{"start":{"line":14,"column":4},"end":{"line":14,"column":57}},{"start":{},"end":{}}],"line":14},"1":{"loc":{"start":{"line":15,"column":23},"end":{"line":15,"column":51}},"type":"binary-expr","locations":[{"start":{"line":15,"column":23},"end":{"line":15,"column":42}},{"start":{"line":15,"column":46},"end":{"line":15,"column":51}}],"line":15},"2":{"loc":{"start":{"line":16,"column":29},"end":{"line":16,"column":68}},"type":"cond-expr","locations":[{"start":{"line":16,"column":36},"end":{"line":16,"column":56}},{"start":{"line":16,"column":59},"end":{"line":16,"column":68}}],"line":16},"3":{"loc":{"start":{"line":18,"column":4},"end":{"line":18,"column":68}},"type":"if","locations":[{"start":{"line":18,"column":4},"end":{"line":18,"column":68}},{"start":{},"end":{}}],"line":18}},"s":{"0":3,"1":3,"2":3,"3":0,"4":3,"5":2,"6":0,"7":2,"8":1,"9":2,"10":0,"11":0},"f":{"0":12,"1":3,"2":1,"3":2,"4":0,"5":0},"b":{"0":[0,3],"1":[3,1],"2":[2,1],"3":[0,2]},"_coverageSchema":"1a1c01bbd47fc00a2c39e90264f33305004495a9","hash":"23c37364326406d030aa0a99e0c1138850be89d2"}
,"/Users/vyshnavitaliyakula/insurance-app/src/data/mappers/policyMapper.ts": {"path":"/Users/vyshnavitaliyakula/insurance-app/src/data/mappers/policyMapper.ts","statementMap":{"0":{"start":{"line":18,"column":2},"end":{"line":29,"column":4}},"1":{"start":{"line":33,"column":2},"end":{"line":44,"column":4}}},"fnMap":{"0":{"name":"fromDTO","decl":{"start":{"line":17,"column":16},"end":{"line":17,"column":23}},"loc":{"start":{"line":17,"column":57},"end":{"line":30,"column":1}},"line":17},"1":{"name":"toDTO","decl":{"start":{"line":32,"column":16},"end":{"line":32,"column":21}},"loc":{"start":{"line":32,"column":57},"end":{"line":45,"column":1}},"line":32}},"branchMap":{},"s":{"0":2,"1":2},"f":{"0":2,"1":2},"b":{},"_coverageSchema":"1a1c01bbd47fc00a2c39e90264f33305004495a9","hash":"a84ac6b1862b34bbe8b4ddeb3481eb739b36e83e"}
,"/Users/vyshnavitaliyakula/insurance-app/src/data/repositories/policyRepository.ts": {"path":"/Users/vyshnavitaliyakula/insurance-app/src/data/repositories/policyRepository.ts","statementMap":{"0":{"start":{"line":16,"column":17},"end":{"line":16,"column":61}},"1":{"start":{"line":17,"column":4},"end":{"line":17,"column":29}},"2":{"start":{"line":20,"column":16},"end":{"line":20,"column":69}},"3":{"start":{"line":21,"column":4},"end":{"line":21,"column":24}},"4":{"start":{"line":24,"column":16},"end":{"line":24,"column":76}},"5":{"start":{"line":25,"column":4},"end":{"line":25,"column":24}},"6":{"start":{"line":27,"column":23},"end":{"line":27,"column":71}},"7":{"start":{"line":33,"column":18},"end":{"line":33,"column":52}},"8":{"start":{"line":34,"column":17},"end":{"line":34,"column":56}},"9":{"start":{"line":35,"column":37},"end":{"line":35,"column":61}},"10":{"start":{"line":35,"column":62},"end":{"line":35,"column":71}},"11":{"start":{"line":36,"column":37},"end":{"line":36,"column":61}},"12":{"start":{"line":36,"column":62},"end":{"line":36,"column":71}},"13":{"start":{"line":37,"column":29},"end":{"line":37,"column":51}}},"fnMap":{"0":{"name":"(anonymous_0)","decl":{"start":{"line":14,"column":2},"end":{"line":14,"column":3}},"loc":{"start":{"line":14,"column":38},"end":{"line":14,"column":40}},"line":14},"1":{"name":"(anonymous_1)","decl":{"start":{"line":15,"column":2},"end":{"line":15,"column":3}},"loc":{"start":{"line":15,"column":15},"end":{"line":18,"column":3}},"line":15},"2":{"name":"(anonymous_2)","decl":{"start":{"line":19,"column":2},"end":{"line":19,"column":3}},"loc":{"start":{"line":19,"column":35},"end":{"line":22,"column":3}},"line":19},"3":{"name":"(anonymous_3)","decl":{"start":{"line":23,"column":2},"end":{"line":23,"column":3}},"loc":{"start":{"line":23,"column":35},"end":{"line":26,"column":3}},"line":23},"4":{"name":"(anonymous_4)","decl":{"start":{"line":27,"column":2},"end":{"line":27,"column":3}},"loc":{"start":{"line":27,"column":21},"end":{"line":27,"column":73}},"line":27},"5":{"name":"(anonymous_5)","decl":{"start":{"line":34,"column":2},"end":{"line":34,"column":3}},"loc":{"start":{"line":34,"column":15},"end":{"line":34,"column":58}},"line":34},"6":{"name":"(anonymous_6)","decl":{"start":{"line":35,"column":2},"end":{"line":35,"column":3}},"loc":{"start":{"line":35,"column":35},"end":{"line":35,"column":73}},"line":35},"7":{"name":"(anonymous_7)","decl":{"start":{"line":36,"column":2},"end":{"line":36,"column":3}},"loc":{"start":{"line":36,"column":35},"end":{"line":36,"column":73}},"line":36},"8":{"name":"(anonymous_8)","decl":{"start":{"line":37,"column":2},"end":{"line":37,"column":3}},"loc":{"start":{"line":37,"column":27},"end":{"line":37,"column":53}},"line":37}},"branchMap":{},"s":{"0":1,"1":1,"2":2,"3":1,"4":0,"5":0,"6":0,"7":0,"8":0,"9":0,"10":0,"11":0,"12":0,"13":0},"f":{"0":12,"1":1,"2":2,"3":0,"4":0,"5":0,"6":0,"7":0,"8":0},"b":{},"_coverageSchema":"1a1c01bbd47fc00a2c39e90264f33305004495a9","hash":"3cdb474f35d877bbb381fd234b5451e161ca0e41"}
,"/Users/vyshnavitaliyakula/insurance-app/src/domain/usecases/createPolicy.ts": {"path":"/Users/vyshnavitaliyakula/insurance-app/src/domain/usecases/createPolicy.ts","statementMap":{"0":{"start":{"line":9,"column":13},"end":{"line":9,"column":87}},"1":{"start":{"line":11,"column":1},"end":{"line":20,"column":2}},"2":{"start":{"line":11,"column":30},"end":{"line":20,"column":2}},"3":{"start":{"line":13,"column":3},"end":{"line":13,"column":50}},"4":{"start":{"line":14,"column":27},"end":{"line":14,"column":48}},"5":{"start":{"line":15,"column":3},"end":{"line":19,"column":4}},"6":{"start":{"line":16,"column":5},"end":{"line":16,"column":71}},"7":{"start":{"line":16,"column":11},"end":{"line":16,"column":37}},"8":{"start":{"line":18,"column":5},"end":{"line":18,"column":78}}},"fnMap":{"0":{"name":"(anonymous_0)","decl":{"start":{"line":11,"column":1},"end":{"line":11,"column":2}},"loc":{"start":{"line":11,"column":30},"end":{"line":20,"column":2}},"line":11},"1":{"name":"(anonymous_1)","decl":{"start":{"line":11,"column":30},"end":{"line":11,"column":31}},"loc":{"start":{"line":11,"column":63},"end":{"line":20,"column":2}},"line":11}},"branchMap":{"0":{"loc":{"start":{"line":15,"column":3},"end":{"line":19,"column":4}},"type":"if","locations":[{"start":{"line":15,"column":3},"end":{"line":19,"column":4}},{"start":{"line":17,"column":10},"end":{"line":19,"column":4}}],"line":15}},"s":{"0":2,"1":2,"2":2,"3":2,"4":2,"5":2,"6":1,"7":1,"8":1},"f":{"0":2,"1":2},"b":{"0":[1,1]},"_coverageSchema":"1a1c01bbd47fc00a2c39e90264f33305004495a9","hash":"c3ce9f828114b7594b65411367024df72a37304d"}
,"/Users/vyshnavitaliyakula/insurance-app/src/domain/usecases/scheduleReminder.ts": {"path":"/Users/vyshnavitaliyakula/insurance-app/src/domain/usecases/scheduleReminder.ts","statementMap":{"0":{"start":{"line":7,"column":2},"end":{"line":17,"column":3}},"1":{"start":{"line":8,"column":2},"end":{"line":17,"column":3}},"2":{"start":{"line":9,"column":4},"end":{"line":16,"column":5}},"3":{"start":{"line":10,"column":6},"end":{"line":10,"column":65}},"4":{"start":{"line":11,"column":22},"end":{"line":11,"column":99}},"5":{"start":{"line":12,"column":6},"end":{"line":12,"column":84}},"6":{"start":{"line":13,"column":6},"end":{"line":13,"column":27}},"7":{"start":{"line":15,"column":6},"end":{"line":15,"column":91}}},"fnMap":{"0":{"name":"(anonymous_0)","decl":{"start":{"line":7,"column":2},"end":{"line":7,"column":3}},"loc":{"start":{"line":8,"column":2},"end":{"line":17,"column":3}},"line":8},"1":{"name":"(anonymous_1)","decl":{"start":{"line":8,"column":2},"end":{"line":8,"column":3}},"loc":{"start":{"line":8,"column":65},"end":{"line":17,"column":3}},"line":8}},"branchMap":{"0":{"loc":{"start":{"line":15,"column":17},"end":{"line":15,"column":89}},"type":"cond-expr","locations":[{"start":{"line":15,"column":40},"end":{"line":15,"column":43}},{"start":{"line":15,"column":46},"end":{"line":15,"column":89}}],"line":15}},"s":{"0":1,"1":1,"2":1,"3":1,"4":1,"5":1,"6":1,"7":0},"f":{"0":1,"1":1},"b":{"0":[0,0]},"_coverageSchema":"1a1c01bbd47fc00a2c39e90264f33305004495a9","hash":"8dff45efae2eb1da093c5879f0d8129c0576aa30"}
,"/Users/vyshnavitaliyakula/insurance-app/src/domain/usecases/updatePolicy.ts": {"path":"/Users/vyshnavitaliyakula/insurance-app/src/domain/usecases/updatePolicy.ts","statementMap":{"0":{"start":{"line":6,"column":2},"end":{"line":8,"column":3}},"1":{"start":{"line":6,"column":31},"end":{"line":8,"column":3}},"2":{"start":{"line":7,"column":4},"end":{"line":7,"column":51}}},"fnMap":{"0":{"name":"(anonymous_0)","decl":{"start":{"line":6,"column":2},"end":{"line":6,"column":3}},"loc":{"start":{"line":6,"column":31},"end":{"line":8,"column":3}},"line":6},"1":{"name":"(anonymous_1)","decl":{"start":{"line":6,"column":31},"end":{"line":6,"column":32}},"loc":{"start":{"line":6,"column":64},"end":{"line":8,"column":3}},"line":6}},"branchMap":{},"s":{"0":1,"1":1,"2":1},"f":{"0":1,"1":1},"b":{},"_coverageSchema":"1a1c01bbd47fc00a2c39e90264f33305004495a9","hash":"02c66f5e2648db87a104c430edd0f307c3f22c39"}
,"/Users/vyshnavitaliyakula/insurance-app/src/services/fileStorage.ts": {"path":"/Users/vyshnavitaliyakula/insurance-app/src/services/fileStorage.ts","statementMap":{"0":{"start":{"line":5,"column":13},"end":{"line":5,"column":21}},"1":{"start":{"line":6,"column":14},"end":{"line":6,"column":55}},"2":{"start":{"line":7,"column":15},"end":{"line":7,"column":65}},"3":{"start":{"line":9,"column":2},"end":{"line":9,"column":102}},"4":{"start":{"line":10,"column":2},"end":{"line":10,"column":60}},"5":{"start":{"line":12,"column":15},"end":{"line":12,"column":50}},"6":{"start":{"line":14,"column":2},"end":{"line":19,"column":4}}},"fnMap":{"0":{"name":"persistAsset","decl":{"start":{"line":4,"column":22},"end":{"line":4,"column":34}},"loc":{"start":{"line":4,"column":78},"end":{"line":20,"column":1}},"line":4}},"branchMap":{"0":{"loc":{"start":{"line":6,"column":14},"end":{"line":6,"column":55}},"type":"binary-expr","locations":[{"start":{"line":6,"column":14},"end":{"line":6,"column":46}},{"start":{"line":6,"column":50},"end":{"line":6,"column":55}}],"line":6},"1":{"loc":{"start":{"line":17,"column":10},"end":{"line":17,"column":51}},"type":"binary-expr","locations":[{"start":{"line":17,"column":10},"end":{"line":17,"column":24}},{"start":{"line":17,"column":28},"end":{"line":17,"column":51}}],"line":17},"2":{"loc":{"start":{"line":18,"column":10},"end":{"line":18,"column":42}},"type":"cond-expr","locations":[{"start":{"line":18,"column":24},"end":{"line":18,"column":38}},{"start":{"line":18,"column":41},"end":{"line":18,"column":42}}],"line":18},"3":{"loc":{"start":{"line":18,"column":24},"end":{"line":18,"column":38}},"type":"binary-expr","locations":[{"start":{"line":18,"column":24},"end":{"line":18,"column":33}},{"start":{"line":18,"column":37},"end":{"line":18,"column":38}}],"line":18}},"s":{"0":0,"1":0,"2":0,"3":0,"4":0,"5":0,"6":0},"f":{"0":0},"b":{"0":[0,0],"1":[0,0],"2":[0,0],"3":[0,0]},"_coverageSchema":"1a1c01bbd47fc00a2c39e90264f33305004495a9","hash":"921da0d6e6d785f82ac4b2dace91bfd431575bee"}
,"/Users/vyshnavitaliyakula/insurance-app/src/services/imagePicker.ts": {"path":"/Users/vyshnavitaliyakula/insurance-app/src/services/imagePicker.ts","statementMap":{"0":{"start":{"line":4,"column":21},"end":{"line":4,"column":70}},"1":{"start":{"line":5,"column":2},"end":{"line":5,"column":72}},"2":{"start":{"line":5,"column":28},"end":{"line":5,"column":72}},"3":{"start":{"line":6,"column":17},"end":{"line":6,"column":70}},"4":{"start":{"line":7,"column":2},"end":{"line":7,"column":35}},"5":{"start":{"line":7,"column":23},"end":{"line":7,"column":35}},"6":{"start":{"line":8,"column":2},"end":{"line":8,"column":26}},"7":{"start":{"line":12,"column":21},"end":{"line":12,"column":76}},"8":{"start":{"line":13,"column":2},"end":{"line":13,"column":73}},"9":{"start":{"line":13,"column":28},"end":{"line":13,"column":73}},"10":{"start":{"line":14,"column":17},"end":{"line":14,"column":93}},"11":{"start":{"line":15,"column":2},"end":{"line":15,"column":35}},"12":{"start":{"line":15,"column":23},"end":{"line":15,"column":35}},"13":{"start":{"line":16,"column":2},"end":{"line":16,"column":26}}},"fnMap":{"0":{"name":"pickFromCamera","decl":{"start":{"line":3,"column":22},"end":{"line":3,"column":36}},"loc":{"start":{"line":3,"column":39},"end":{"line":9,"column":1}},"line":3},"1":{"name":"pickFromLibrary","decl":{"start":{"line":11,"column":22},"end":{"line":11,"column":37}},"loc":{"start":{"line":11,"column":40},"end":{"line":17,"column":1}},"line":11}},"branchMap":{"0":{"loc":{"start":{"line":5,"column":2},"end":{"line":5,"column":72}},"type":"if","locations":[{"start":{"line":5,"column":2},"end":{"line":5,"column":72}},{"start":{},"end":{}}],"line":5},"1":{"loc":{"start":{"line":7,"column":2},"end":{"line":7,"column":35}},"type":"if","locations":[{"start":{"line":7,"column":2},"end":{"line":7,"column":35}},{"start":{},"end":{}}],"line":7},"2":{"loc":{"start":{"line":13,"column":2},"end":{"line":13,"column":73}},"type":"if","locations":[{"start":{"line":13,"column":2},"end":{"line":13,"column":73}},{"start":{},"end":{}}],"line":13},"3":{"loc":{"start":{"line":15,"column":2},"end":{"line":15,"column":35}},"type":"if","locations":[{"start":{"line":15,"column":2},"end":{"line":15,"column":35}},{"start":{},"end":{}}],"line":15}},"s":{"0":0,"1":0,"2":0,"3":0,"4":0,"5":0,"6":0,"7":0,"8":0,"9":0,"10":0,"11":0,"12":0,"13":0},"f":{"0":0,"1":0},"b":{"0":[0,0],"1":[0,0],"2":[0,0],"3":[0,0]},"_coverageSchema":"1a1c01bbd47fc00a2c39e90264f33305004495a9","hash":"14d44052e877e59850eebd0fd23530d6eb297df2"}
,"/Users/vyshnavitaliyakula/insurance-app/src/services/notifications.ts": {"path":"/Users/vyshnavitaliyakula/insurance-app/src/services/notifications.ts","statementMap":{"0":{"start":{"line":8,"column":37},"end":{"line":8,"column":78}},"1":{"start":{"line":9,"column":20},"end":{"line":9,"column":34}},"2":{"start":{"line":11,"column":2},"end":{"line":14,"column":3}},"3":{"start":{"line":12,"column":23},"end":{"line":12,"column":68}},"4":{"start":{"line":13,"column":4},"end":{"line":13,"column":25}},"5":{"start":{"line":16,"column":2},"end":{"line":18,"column":3}},"6":{"start":{"line":17,"column":4},"end":{"line":17,"column":55}},"7":{"start":{"line":21,"column":2},"end":{"line":27,"column":3}},"8":{"start":{"line":22,"column":4},"end":{"line":26,"column":7}},"9":{"start":{"line":31,"column":2},"end":{"line":31,"column":28}},"10":{"start":{"line":33,"column":13},"end":{"line":40,"column":4}},"11":{"start":{"line":43,"column":2},"end":{"line":43,"column":53}},"12":{"start":{"line":45,"column":20},"end":{"line":45,"column":75}},"13":{"start":{"line":46,"column":2},"end":{"line":46,"column":82}},"14":{"start":{"line":48,"column":2},"end":{"line":48,"column":12}},"15":{"start":{"line":55,"column":2},"end":{"line":59,"column":3}},"16":{"start":{"line":56,"column":4},"end":{"line":56,"column":61}},"17":{"start":{"line":58,"column":4},"end":{"line":58,"column":56}}},"fnMap":{"0":{"name":"ensurePermissions","decl":{"start":{"line":7,"column":22},"end":{"line":7,"column":39}},"loc":{"start":{"line":7,"column":42},"end":{"line":28,"column":1}},"line":7},"1":{"name":"scheduleLocal","decl":{"start":{"line":30,"column":22},"end":{"line":30,"column":35}},"loc":{"start":{"line":30,"column":77},"end":{"line":49,"column":1}},"line":30},"2":{"name":"cancel","decl":{"start":{"line":54,"column":22},"end":{"line":54,"column":28}},"loc":{"start":{"line":54,"column":41},"end":{"line":60,"column":1}},"line":54}},"branchMap":{"0":{"loc":{"start":{"line":11,"column":2},"end":{"line":14,"column":3}},"type":"if","locations":[{"start":{"line":11,"column":2},"end":{"line":14,"column":3}},{"start":{},"end":{}}],"line":11},"1":{"loc":{"start":{"line":16,"column":2},"end":{"line":18,"column":3}},"type":"if","locations":[{"start":{"line":16,"column":2},"end":{"line":18,"column":3}},{"start":{},"end":{}}],"line":16},"2":{"loc":{"start":{"line":21,"column":2},"end":{"line":27,"column":3}},"type":"if","locations":[{"start":{"line":21,"column":2},"end":{"line":27,"column":3}},{"start":{},"end":{}}],"line":21}},"s":{"0":2,"1":2,"2":2,"3":0,"4":0,"5":2,"6":0,"7":2,"8":0,"9":2,"10":2,"11":2,"12":2,"13":2,"14":2,"15":0,"16":0,"17":0},"f":{"0":2,"1":2,"2":0},"b":{"0":[0,2],"1":[0,2],"2":[0,2]},"_coverageSchema":"1a1c01bbd47fc00a2c39e90264f33305004495a9","hash":"75a105372b1159b1e0aad4146dde78f587edb2de"}
,"/Users/vyshnavitaliyakula/insurance-app/src/store/documentSlice.ts": {"path":"/Users/vyshnavitaliyakula/insurance-app/src/store/documentSlice.ts","statementMap":{"0":{"start":{"line":4,"column":13},"end":{"line":4,"column":107}},"1":{"start":{"line":4,"column":66},"end":{"line":4,"column":104}},"2":{"start":{"line":5,"column":14},"end":{"line":12,"column":2}},"3":{"start":{"line":13,"column":73},"end":{"line":13,"column":78}},"4":{"start":{"line":14,"column":34},"end":{"line":14,"column":73}},"5":{"start":{"line":14,"column":61},"end":{"line":14,"column":72}}},"fnMap":{"0":{"name":"(anonymous_0)","decl":{"start":{"line":4,"column":59},"end":{"line":4,"column":60}},"loc":{"start":{"line":4,"column":66},"end":{"line":4,"column":104}},"line":4},"1":{"name":"(anonymous_1)","decl":{"start":{"line":14,"column":52},"end":{"line":14,"column":53}},"loc":{"start":{"line":14,"column":61},"end":{"line":14,"column":72}},"line":14}},"branchMap":{},"s":{"0":6,"1":0,"2":6,"3":6,"4":6,"5":0},"f":{"0":0,"1":0},"b":{},"_coverageSchema":"1a1c01bbd47fc00a2c39e90264f33305004495a9","hash":"b6f5ebd22123b5a332c91749b30d381925cdc5d1"}
,"/Users/vyshnavitaliyakula/insurance-app/src/store/index.ts": {"path":"/Users/vyshnavitaliyakula/insurance-app/src/store/index.ts","statementMap":{"0":{"start":{"line":10,"column":20},"end":{"line":15,"column":2}},"1":{"start":{"line":17,"column":22},"end":{"line":21,"column":1}},"2":{"start":{"line":23,"column":21},"end":{"line":26,"column":2}},"3":{"start":{"line":25,"column":28},"end":{"line":25,"column":88}},"4":{"start":{"line":28,"column":25},"end":{"line":28,"column":44}}},"fnMap":{"0":{"name":"(anonymous_0)","decl":{"start":{"line":25,"column":14},"end":{"line":25,"column":15}},"loc":{"start":{"line":25,"column":28},"end":{"line":25,"column":88}},"line":25}},"branchMap":{},"s":{"0":6,"1":6,"2":6,"3":6,"4":6},"f":{"0":6},"b":{},"_coverageSchema":"1a1c01bbd47fc00a2c39e90264f33305004495a9","hash":"513ade0a78d0dfaa8b9538530246489273dce65a"}
,"/Users/vyshnavitaliyakula/insurance-app/src/store/offlineQueueSlice.ts": {"path":"/Users/vyshnavitaliyakula/insurance-app/src/store/offlineQueueSlice.ts","statementMap":{"0":{"start":{"line":10,"column":14},"end":{"line":22,"column":2}},"1":{"start":{"line":15,"column":6},"end":{"line":15,"column":54}},"2":{"start":{"line":18,"column":6},"end":{"line":18,"column":56}},"3":{"start":{"line":18,"column":31},"end":{"line":18,"column":54}},"4":{"start":{"line":20,"column":14},"end":{"line":20,"column":24}},"5":{"start":{"line":24,"column":43},"end":{"line":24,"column":56}},"6":{"start":{"line":25,"column":35},"end":{"line":25,"column":48}}},"fnMap":{"0":{"name":"(anonymous_0)","decl":{"start":{"line":14,"column":4},"end":{"line":14,"column":5}},"loc":{"start":{"line":14,"column":66},"end":{"line":16,"column":5}},"line":14},"1":{"name":"(anonymous_1)","decl":{"start":{"line":17,"column":4},"end":{"line":17,"column":5}},"loc":{"start":{"line":17,"column":50},"end":{"line":19,"column":5}},"line":17},"2":{"name":"(anonymous_2)","decl":{"start":{"line":18,"column":26},"end":{"line":18,"column":27}},"loc":{"start":{"line":18,"column":31},"end":{"line":18,"column":54}},"line":18},"3":{"name":"(anonymous_3)","decl":{"start":{"line":20,"column":4},"end":{"line":20,"column":5}},"loc":{"start":{"line":20,"column":12},"end":{"line":20,"column":26}},"line":20}},"branchMap":{},"s":{"0":9,"1":2,"2":1,"3":1,"4":0,"5":9,"6":9},"f":{"0":2,"1":1,"2":1,"3":0},"b":{},"_coverageSchema":"1a1c01bbd47fc00a2c39e90264f33305004495a9","hash":"00c8ec7b387f10cb0290a8744e6aa74ddab06420"}
,"/Users/vyshnavitaliyakula/insurance-app/src/store/policiesSlice.ts": {"path":"/Users/vyshnavitaliyakula/insurance-app/src/store/policiesSlice.ts","statementMap":{"0":{"start":{"line":4,"column":24},"end":{"line":6,"column":2}},"1":{"start":{"line":5,"column":26},"end":{"line":5,"column":60}},"2":{"start":{"line":8,"column":14},"end":{"line":28,"column":2}},"3":{"start":{"line":16,"column":16},"end":{"line":16,"column":55}},"4":{"start":{"line":17,"column":6},"end":{"line":17,"column":109}},"5":{"start":{"line":17,"column":65},"end":{"line":17,"column":109}},"6":{"start":{"line":20,"column":16},"end":{"line":20,"column":55}},"7":{"start":{"line":21,"column":6},"end":{"line":21,"column":109}},"8":{"start":{"line":21,"column":65},"end":{"line":21,"column":109}},"9":{"start":{"line":24,"column":16},"end":{"line":24,"column":55}},"10":{"start":{"line":25,"column":6},"end":{"line":25,"column":86}},"11":{"start":{"line":25,"column":13},"end":{"line":25,"column":86}},"12":{"start":{"line":25,"column":52},"end":{"line":25,"column":84}},"13":{"start":{"line":30,"column":33},"end":{"line":30,"column":85}},"14":{"start":{"line":30,"column":74},"end":{"line":30,"column":84}},"15":{"start":{"line":31,"column":36},"end":{"line":32,"column":86}},"16":{"start":{"line":32,"column":2},"end":{"line":32,"column":86}},"17":{"start":{"line":32,"column":53},"end":{"line":32,"column":85}},"18":{"start":{"line":32,"column":69},"end":{"line":32,"column":84}},"19":{"start":{"line":34,"column":70},"end":{"line":34,"column":75}}},"fnMap":{"0":{"name":"(anonymous_0)","decl":{"start":{"line":5,"column":16},"end":{"line":5,"column":17}},"loc":{"start":{"line":5,"column":26},"end":{"line":5,"column":60}},"line":5},"1":{"name":"(anonymous_1)","decl":{"start":{"line":15,"column":4},"end":{"line":15,"column":5}},"loc":{"start":{"line":15,"column":96},"end":{"line":18,"column":5}},"line":15},"2":{"name":"(anonymous_2)","decl":{"start":{"line":19,"column":4},"end":{"line":19,"column":5}},"loc":{"start":{"line":19,"column":96},"end":{"line":22,"column":5}},"line":19},"3":{"name":"(anonymous_3)","decl":{"start":{"line":23,"column":4},"end":{"line":23,"column":5}},"loc":{"start":{"line":23,"column":101},"end":{"line":26,"column":5}},"line":23},"4":{"name":"(anonymous_4)","decl":{"start":{"line":25,"column":46},"end":{"line":25,"column":47}},"loc":{"start":{"line":25,"column":52},"end":{"line":25,"column":84}},"line":25},"5":{"name":"(anonymous_5)","decl":{"start":{"line":30,"column":62},"end":{"line":30,"column":63}},"loc":{"start":{"line":30,"column":74},"end":{"line":30,"column":84}},"line":30},"6":{"name":"(anonymous_6)","decl":{"start":{"line":31,"column":36},"end":{"line":31,"column":37}},"loc":{"start":{"line":32,"column":2},"end":{"line":32,"column":86}},"line":32},"7":{"name":"(anonymous_7)","decl":{"start":{"line":32,"column":46},"end":{"line":32,"column":47}},"loc":{"start":{"line":32,"column":53},"end":{"line":32,"column":85}},"line":32},"8":{"name":"(anonymous_8)","decl":{"start":{"line":32,"column":64},"end":{"line":32,"column":65}},"loc":{"start":{"line":32,"column":69},"end":{"line":32,"column":84}},"line":32}},"branchMap":{"0":{"loc":{"start":{"line":17,"column":6},"end":{"line":17,"column":109}},"type":"if","locations":[{"start":{"line":17,"column":6},"end":{"line":17,"column":109}},{"start":{},"end":{}}],"line":17},"1":{"loc":{"start":{"line":17,"column":10},"end":{"line":17,"column":63}},"type":"binary-expr","locations":[{"start":{"line":17,"column":10},"end":{"line":17,"column":11}},{"start":{"line":17,"column":15},"end":{"line":17,"column":63}}],"line":17},"2":{"loc":{"start":{"line":21,"column":6},"end":{"line":21,"column":109}},"type":"if","locations":[{"start":{"line":21,"column":6},"end":{"line":21,"column":109}},{"start":{},"end":{}}],"line":21},"3":{"loc":{"start":{"line":21,"column":10},"end":{"line":21,"column":63}},"type":"binary-expr","locations":[{"start":{"line":21,"column":10},"end":{"line":21,"column":11}},{"start":{"line":21,"column":15},"end":{"line":21,"column":63}}],"line":21},"4":{"loc":{"start":{"line":25,"column":6},"end":{"line":25,"column":86}},"type":"if","locations":[{"start":{"line":25,"column":6},"end":{"line":25,"column":86}},{"start":{},"end":{}}],"line":25}},"s":{"0":7,"1":0,"2":7,"3":1,"4":1,"5":0,"6":1,"7":1,"8":0,"9":0,"10":0,"11":0,"12":0,"13":7,"14":3,"15":7,"16":0,"17":0,"18":0,"19":7},"f":{"0":0,"1":1,"2":1,"3":0,"4":0,"5":3,"6":0,"7":0,"8":0},"b":{"0":[0,1],"1":[1,0],"2":[0,1],"3":[1,0],"4":[0,0]},"_coverageSchema":"1a1c01bbd47fc00a2c39e90264f33305004495a9","hash":"57361aab82e04c342587ff537799fe1540cb0a95"}
,"/Users/vyshnavitaliyakula/insurance-app/src/store/remindersSlice.ts": {"path":"/Users/vyshnavitaliyakula/insurance-app/src/store/remindersSlice.ts","statementMap":{"0":{"start":{"line":4,"column":18},"end":{"line":4,"column":104}},"1":{"start":{"line":4,"column":71},"end":{"line":4,"column":101}},"2":{"start":{"line":6,"column":14},"end":{"line":17,"column":2}},"3":{"start":{"line":13,"column":16},"end":{"line":13,"column":49}},"4":{"start":{"line":14,"column":6},"end":{"line":14,"column":64}},"5":{"start":{"line":14,"column":13},"end":{"line":14,"column":64}},"6":{"start":{"line":19,"column":72},"end":{"line":19,"column":77}},"7":{"start":{"line":20,"column":34},"end":{"line":20,"column":78}},"8":{"start":{"line":20,"column":66},"end":{"line":20,"column":77}}},"fnMap":{"0":{"name":"(anonymous_0)","decl":{"start":{"line":4,"column":64},"end":{"line":4,"column":65}},"loc":{"start":{"line":4,"column":71},"end":{"line":4,"column":101}},"line":4},"1":{"name":"(anonymous_1)","decl":{"start":{"line":12,"column":4},"end":{"line":12,"column":5}},"loc":{"start":{"line":12,"column":88},"end":{"line":15,"column":5}},"line":12},"2":{"name":"(anonymous_2)","decl":{"start":{"line":20,"column":57},"end":{"line":20,"column":58}},"loc":{"start":{"line":20,"column":66},"end":{"line":20,"column":77}},"line":20}},"branchMap":{"0":{"loc":{"start":{"line":14,"column":6},"end":{"line":14,"column":64}},"type":"if","locations":[{"start":{"line":14,"column":6},"end":{"line":14,"column":64}},{"start":{},"end":{}}],"line":14}},"s":{"0":6,"1":0,"2":6,"3":1,"4":1,"5":1,"6":6,"7":6,"8":0},"f":{"0":0,"1":1,"2":0},"b":{"0":[1,0]},"_coverageSchema":"1a1c01bbd47fc00a2c39e90264f33305004495a9","hash":"913f3ec6d70d968f60d09ded2654e1376e87fe38"}
,"/Users/vyshnavitaliyakula/insurance-app/src/store/middleware/offlineSync.ts": {"path":"/Users/vyshnavitaliyakula/insurance-app/src/store/middleware/offlineSync.ts","statementMap":{"0":{"start":{"line":7,"column":12},"end":{"line":7,"column":58}},"1":{"start":{"line":8,"column":13},"end":{"line":8,"column":44}},"2":{"start":{"line":10,"column":56},"end":{"line":10,"column":60}},"3":{"start":{"line":12,"column":32},"end":{"line":44,"column":1}},"4":{"start":{"line":13,"column":16},"end":{"line":13,"column":21}},"5":{"start":{"line":15,"column":19},"end":{"line":38,"column":3}},"6":{"start":{"line":16,"column":4},"end":{"line":16,"column":24}},"7":{"start":{"line":16,"column":17},"end":{"line":16,"column":24}},"8":{"start":{"line":17,"column":23},"end":{"line":17,"column":39}},"9":{"start":{"line":18,"column":17},"end":{"line":18,"column":44}},"10":{"start":{"line":19,"column":4},"end":{"line":19,"column":29}},"11":{"start":{"line":19,"column":22},"end":{"line":19,"column":29}},"12":{"start":{"line":21,"column":16},"end":{"line":21,"column":37}},"13":{"start":{"line":22,"column":4},"end":{"line":22,"column":33}},"14":{"start":{"line":22,"column":26},"end":{"line":22,"column":33}},"15":{"start":{"line":24,"column":4},"end":{"line":24,"column":19}},"16":{"start":{"line":25,"column":4},"end":{"line":37,"column":5}},"17":{"start":{"line":26,"column":6},"end":{"line":33,"column":7}},"18":{"start":{"line":27,"column":8},"end":{"line":32,"column":9}},"19":{"start":{"line":28,"column":10},"end":{"line":28,"column":68}},"20":{"start":{"line":28,"column":37},"end":{"line":28,"column":68}},"21":{"start":{"line":29,"column":10},"end":{"line":29,"column":68}},"22":{"start":{"line":29,"column":37},"end":{"line":29,"column":68}},"23":{"start":{"line":30,"column":10},"end":{"line":30,"column":71}},"24":{"start":{"line":30,"column":37},"end":{"line":30,"column":71}},"25":{"start":{"line":31,"column":10},"end":{"line":31,"column":42}},"26":{"start":{"line":36,"column":6},"end":{"line":36,"column":22}},"27":{"start":{"line":40,"column":0},"end":{"line":42,"column":3}},"28":{"start":{"line":41,"column":4},"end":{"line":41,"column":45}},"29":{"start":{"line":43,"column":2},"end":{"line":43,"column":40}},"30":{"start":{"line":43,"column":17},"end":{"line":43,"column":39}},"31":{"start":{"line":43,"column":27},"end":{"line":43,"column":39}},"32":{"start":{"line":47,"column":34},"end":{"line":52,"column":1}},"33":{"start":{"line":48,"column":2},"end":{"line":51,"column":3}},"34":{"start":{"line":49,"column":4},"end":{"line":49,"column":30}},"35":{"start":{"line":50,"column":4},"end":{"line":50,"column":22}}},"fnMap":{"0":{"name":"(anonymous_0)","decl":{"start":{"line":12,"column":32},"end":{"line":12,"column":33}},"loc":{"start":{"line":12,"column":41},"end":{"line":44,"column":1}},"line":12},"1":{"name":"(anonymous_1)","decl":{"start":{"line":15,"column":19},"end":{"line":15,"column":20}},"loc":{"start":{"line":15,"column":31},"end":{"line":38,"column":3}},"line":15},"2":{"name":"(anonymous_2)","decl":{"start":{"line":43,"column":9},"end":{"line":43,"column":10}},"loc":{"start":{"line":43,"column":17},"end":{"line":43,"column":39}},"line":43},"3":{"name":"(anonymous_3)","decl":{"start":{"line":43,"column":17},"end":{"line":43,"column":18}},"loc":{"start":{"line":43,"column":27},"end":{"line":43,"column":39}},"line":43},"4":{"name":"(anonymous_4)","decl":{"start":{"line":47,"column":34},"end":{"line":47,"column":35}},"loc":{"start":{"line":47,"column":40},"end":{"line":52,"column":1}},"line":47}},"branchMap":{"0":{"loc":{"start":{"line":16,"column":4},"end":{"line":16,"column":24}},"type":"if","locations":[{"start":{"line":16,"column":4},"end":{"line":16,"column":24}},{"start":{},"end":{}}],"line":16},"1":{"loc":{"start":{"line":19,"column":4},"end":{"line":19,"column":29}},"type":"if","locations":[{"start":{"line":19,"column":4},"end":{"line":19,"column":29}},{"start":{},"end":{}}],"line":19},"2":{"loc":{"start":{"line":22,"column":4},"end":{"line":22,"column":33}},"type":"if","locations":[{"start":{"line":22,"column":4},"end":{"line":22,"column":33}},{"start":{},"end":{}}],"line":22},"3":{"loc":{"start":{"line":27,"column":8},"end":{"line":32,"column":9}},"type":"if","locations":[{"start":{"line":27,"column":8},"end":{"line":32,"column":9}},{"start":{},"end":{}}],"line":27},"4":{"loc":{"start":{"line":28,"column":10},"end":{"line":28,"column":68}},"type":"if","locations":[{"start":{"line":28,"column":10},"end":{"line":28,"column":68}},{"start":{},"end":{}}],"line":28},"5":{"loc":{"start":{"line":29,"column":10},"end":{"line":29,"column":68}},"type":"if","locations":[{"start":{"line":29,"column":10},"end":{"line":29,"column":68}},{"start":{},"end":{}}],"line":29},"6":{"loc":{"start":{"line":30,"column":10},"end":{"line":30,"column":71}},"type":"if","locations":[{"start":{"line":30,"column":10},"end":{"line":30,"column":71}},{"start":{},"end":{}}],"line":30},"7":{"loc":{"start":{"line":40,"column":0},"end":{"line":42,"column":3}},"type":"if","locations":[{"start":{"line":40,"column":0},"end":{"line":42,"column":3}},{"start":{},"end":{}}],"line":40},"8":{"loc":{"start":{"line":48,"column":2},"end":{"line":51,"column":3}},"type":"if","locations":[{"start":{"line":48,"column":2},"end":{"line":51,"column":3}},{"start":{},"end":{}}],"line":48}},"s":{"0":9,"1":9,"2":9,"3":9,"4":6,"5":6,"6":0,"7":0,"8":0,"9":0,"10":0,"11":0,"12":0,"13":0,"14":0,"15":0,"16":0,"17":0,"18":0,"19":0,"20":0,"21":0,"22":0,"23":0,"24":0,"25":0,"26":0,"27":6,"28":6,"29":6,"30":6,"31":24,"32":9,"33":19,"34":6,"35":6},"f":{"0":6,"1":0,"2":6,"3":24,"4":19},"b":{"0":[0,0],"1":[0,0],"2":[0,0],"3":[0,0],"4":[0,0],"5":[0,0],"6":[0,0],"7":[6,0],"8":[6,13]},"_coverageSchema":"1a1c01bbd47fc00a2c39e90264f33305004495a9","hash":"f59b8e6524284bd8ee6471036b54c59a1ab6ffc2"}
,"/Users/vyshnavitaliyakula/insurance-app/src/ui/theme.ts": {"path":"/Users/vyshnavitaliyakula/insurance-app/src/ui/theme.ts","statementMap":{"0":{"start":{"line":3,"column":22},"end":{"line":10,"column":1}},"1":{"start":{"line":12,"column":23},"end":{"line":17,"column":1}},"2":{"start":{"line":19,"column":26},"end":{"line":23,"column":1}}},"fnMap":{},"branchMap":{},"s":{"0":1,"1":1,"2":1},"f":{},"b":{},"_coverageSchema":"1a1c01bbd47fc00a2c39e90264f33305004495a9","hash":"1265e959725a5c644b43e3e7af5e8c574a39f078"}
,"/Users/vyshnavitaliyakula/insurance-app/src/ui/components/Button.tsx": {"path":"/Users/vyshnavitaliyakula/insurance-app/src/ui/components/Button.tsx","statementMap":{"0":{"start":{"line":10,"column":2},"end":{"line":18,"column":4}},"1":{"start":{"line":21,"column":15},"end":{"line":37,"column":2}}},"fnMap":{"0":{"name":"Button","decl":{"start":{"line":9,"column":16},"end":{"line":9,"column":22}},"loc":{"start":{"line":9,"column":60},"end":{"line":19,"column":1}},"line":9}},"branchMap":{"0":{"loc":{"start":{"line":12,"column":29},"end":{"line":12,"column":56}},"type":"binary-expr","locations":[{"start":{"line":12,"column":29},"end":{"line":12,"column":37}},{"start":{"line":12,"column":41},"end":{"line":12,"column":56}}],"line":12}},"s":{"0":11,"1":4},"f":{"0":11},"b":{"0":[11,0]},"_coverageSchema":"1a1c01bbd47fc00a2c39e90264f33305004495a9","hash":"7af7e9223d9d4dc8efb45ad979980a1360910697"}
,"/Users/vyshnavitaliyakula/insurance-app/src/ui/components/Screen.tsx": {"path":"/Users/vyshnavitaliyakula/insurance-app/src/ui/components/Screen.tsx","statementMap":{"0":{"start":{"line":11,"column":2},"end":{"line":16,"column":4}},"1":{"start":{"line":19,"column":15},"end":{"line":34,"column":2}}},"fnMap":{"0":{"name":"Screen","decl":{"start":{"line":10,"column":16},"end":{"line":10,"column":22}},"loc":{"start":{"line":10,"column":51},"end":{"line":17,"column":1}},"line":10}},"branchMap":{"0":{"loc":{"start":{"line":13,"column":7},"end":{"line":13,"column":57}},"type":"binary-expr","locations":[{"start":{"line":13,"column":7},"end":{"line":13,"column":12}},{"start":{"line":13,"column":16},"end":{"line":13,"column":57}}],"line":13}},"s":{"0":9,"1":4},"f":{"0":9},"b":{"0":[9,9]},"_coverageSchema":"1a1c01bbd47fc00a2c39e90264f33305004495a9","hash":"b9eb4923843ea235e16c187b3d60f2f88a81c9ed"}
,"/Users/vyshnavitaliyakula/insurance-app/src/ui/components/Select.tsx": {"path":"/Users/vyshnavitaliyakula/insurance-app/src/ui/components/Select.tsx","statementMap":{"0":{"start":{"line":18,"column":26},"end":{"line":18,"column":41}},"1":{"start":{"line":19,"column":28},"end":{"line":19,"column":45}},"2":{"start":{"line":21,"column":2},"end":{"line":39,"column":4}},"3":{"start":{"line":30,"column":27},"end":{"line":30,"column":42}},"4":{"start":{"line":31,"column":10},"end":{"line":33,"column":11}},"5":{"start":{"line":32,"column":12},"end":{"line":32,"column":36}},"6":{"start":{"line":42,"column":15},"end":{"line":46,"column":2}}},"fnMap":{"0":{"name":"Select","decl":{"start":{"line":17,"column":16},"end":{"line":17,"column":22}},"loc":{"start":{"line":17,"column":78},"end":{"line":40,"column":1}},"line":17},"1":{"name":"(anonymous_1)","decl":{"start":{"line":29,"column":18},"end":{"line":29,"column":19}},"loc":{"start":{"line":29,"column":32},"end":{"line":34,"column":9}},"line":29}},"branchMap":{"0":{"loc":{"start":{"line":31,"column":10},"end":{"line":33,"column":11}},"type":"if","locations":[{"start":{"line":31,"column":10},"end":{"line":33,"column":11}},{"start":{},"end":{}}],"line":31}},"s":{"0":4,"1":4,"2":4,"3":0,"4":0,"5":0,"6":2},"f":{"0":4,"1":0},"b":{"0":[0,0]},"_coverageSchema":"1a1c01bbd47fc00a2c39e90264f33305004495a9","hash":"d9b95b6963e4c6c2e90a4853e087da667c759a4a"}
,"/Users/vyshnavitaliyakula/insurance-app/src/ui/components/TextField.tsx": {"path":"/Users/vyshnavitaliyakula/insurance-app/src/ui/components/TextField.tsx","statementMap":{"0":{"start":{"line":8,"column":2},"end":{"line":19,"column":4}},"1":{"start":{"line":22,"column":15},"end":{"line":39,"column":2}}},"fnMap":{"0":{"name":"TextField","decl":{"start":{"line":7,"column":16},"end":{"line":7,"column":25}},"loc":{"start":{"line":7,"column":60},"end":{"line":20,"column":1}},"line":7}},"branchMap":{},"s":{"0":7,"1":3},"f":{"0":7},"b":{},"_coverageSchema":"1a1c01bbd47fc00a2c39e90264f33305004495a9","hash":"327550851dfe373bf5f64e055eb3695e12d6ae14"}
,"/Users/vyshnavitaliyakula/insurance-app/src/ui/feedback/ErrorView.tsx": {"path":"/Users/vyshnavitaliyakula/insurance-app/src/ui/feedback/ErrorView.tsx","statementMap":{"0":{"start":{"line":11,"column":2},"end":{"line":22,"column":4}},"1":{"start":{"line":25,"column":15},"end":{"line":54,"column":2}}},"fnMap":{"0":{"name":"ErrorView","decl":{"start":{"line":10,"column":16},"end":{"line":10,"column":25}},"loc":{"start":{"line":10,"column":89},"end":{"line":23,"column":1}},"line":10}},"branchMap":{"0":{"loc":{"start":{"line":10,"column":28},"end":{"line":10,"column":60}},"type":"default-arg","locations":[{"start":{"line":10,"column":38},"end":{"line":10,"column":60}}],"line":10},"1":{"loc":{"start":{"line":16,"column":7},"end":{"line":20,"column":7}},"type":"binary-expr","locations":[{"start":{"line":16,"column":7},"end":{"line":16,"column":14}},{"start":{"line":17,"column":8},"end":{"line":19,"column":27}}],"line":16}},"s":{"0":0,"1":1},"f":{"0":0},"b":{"0":[0],"1":[0,0]},"_coverageSchema":"1a1c01bbd47fc00a2c39e90264f33305004495a9","hash":"d6ac2125ee267508a0bec5c422863b0412f0b0a1"}
,"/Users/vyshnavitaliyakula/insurance-app/src/ui/feedback/LoadingView.tsx": {"path":"/Users/vyshnavitaliyakula/insurance-app/src/ui/feedback/LoadingView.tsx","statementMap":{"0":{"start":{"line":4,"column":2},"end":{"line":8,"column":4}},"1":{"start":{"line":11,"column":15},"end":{"line":17,"column":2}}},"fnMap":{"0":{"name":"LoadingView","decl":{"start":{"line":3,"column":16},"end":{"line":3,"column":27}},"loc":{"start":{"line":3,"column":30},"end":{"line":9,"column":1}},"line":3}},"branchMap":{},"s":{"0":1,"1":1},"f":{"0":1},"b":{},"_coverageSchema":"1a1c01bbd47fc00a2c39e90264f33305004495a9","hash":"522266b191cd991d6bb8d9d680dcc279488fa178"}
,"/Users/vyshnavitaliyakula/insurance-app/src/utils/dates.ts": {"path":"/Users/vyshnavitaliyakula/insurance-app/src/utils/dates.ts","statementMap":{"0":{"start":{"line":3,"column":12},"end":{"line":3,"column":60}},"1":{"start":{"line":4,"column":2},"end":{"line":5,"column":38}},"2":{"start":{"line":9,"column":12},"end":{"line":9,"column":60}},"3":{"start":{"line":10,"column":15},"end":{"line":10,"column":39}},"4":{"start":{"line":11,"column":2},"end":{"line":11,"column":49}},"5":{"start":{"line":15,"column":12},"end":{"line":15,"column":80}},"6":{"start":{"line":16,"column":2},"end":{"line":16,"column":32}},"7":{"start":{"line":17,"column":2},"end":{"line":17,"column":25}}},"fnMap":{"0":{"name":"formatDate","decl":{"start":{"line":2,"column":16},"end":{"line":2,"column":26}},"loc":{"start":{"line":2,"column":74},"end":{"line":6,"column":1}},"line":2},"1":{"name":"daysUntil","decl":{"start":{"line":8,"column":16},"end":{"line":8,"column":25}},"loc":{"start":{"line":8,"column":55},"end":{"line":12,"column":1}},"line":8},"2":{"name":"addDays","decl":{"start":{"line":14,"column":16},"end":{"line":14,"column":23}},"loc":{"start":{"line":14,"column":67},"end":{"line":18,"column":1}},"line":14}},"branchMap":{"0":{"loc":{"start":{"line":2,"column":48},"end":{"line":2,"column":64}},"type":"default-arg","locations":[{"start":{"line":2,"column":57},"end":{"line":2,"column":64}}],"line":2},"1":{"loc":{"start":{"line":3,"column":12},"end":{"line":3,"column":60}},"type":"cond-expr","locations":[{"start":{"line":3,"column":39},"end":{"line":3,"column":53}},{"start":{"line":3,"column":56},"end":{"line":3,"column":60}}],"line":3},"2":{"loc":{"start":{"line":9,"column":12},"end":{"line":9,"column":60}},"type":"cond-expr","locations":[{"start":{"line":9,"column":39},"end":{"line":9,"column":53}},{"start":{"line":9,"column":56},"end":{"line":9,"column":60}}],"line":9},"3":{"loc":{"start":{"line":15,"column":12},"end":{"line":15,"column":80}},"type":"cond-expr","locations":[{"start":{"line":15,"column":39},"end":{"line":15,"column":53}},{"start":{"line":15,"column":56},"end":{"line":15,"column":80}}],"line":15}},"s":{"0":2,"1":2,"2":0,"3":0,"4":0,"5":0,"6":0,"7":0},"f":{"0":2,"1":0,"2":0},"b":{"0":[2],"1":[0,2],"2":[0,0],"3":[0,0]},"_coverageSchema":"1a1c01bbd47fc00a2c39e90264f33305004495a9","hash":"c0424645488465bf5fa1e13422d319471e0f294d"}
,"/Users/vyshnavitaliyakula/insurance-app/src/utils/result.ts": {"path":"/Users/vyshnavitaliyakula/insurance-app/src/utils/result.ts","statementMap":{"0":{"start":{"line":8,"column":2},"end":{"line":8,"column":29}},"1":{"start":{"line":12,"column":2},"end":{"line":12,"column":30}}},"fnMap":{"0":{"name":"Ok","decl":{"start":{"line":7,"column":16},"end":{"line":7,"column":18}},"loc":{"start":{"line":7,"column":50},"end":{"line":9,"column":1}},"line":7},"1":{"name":"Err","decl":{"start":{"line":11,"column":16},"end":{"line":11,"column":19}},"loc":{"start":{"line":11,"column":51},"end":{"line":13,"column":1}},"line":11}},"branchMap":{},"s":{"0":1,"1":0},"f":{"0":1,"1":0},"b":{},"_coverageSchema":"1a1c01bbd47fc00a2c39e90264f33305004495a9","hash":"b33ab9d4eeb49370c71d5268511a287b71a52dd5"}
}
