TN:
SF:app/policy/new.tsx
FN:12,NewPolicy
FN:18,handleSave
FN:50,(anonymous_2)
FNF:3
FNH:2
FNDA:2,NewPolicy
FNDA:1,handleSave
FNDA:0,(anonymous_2)
DA:13,2
DA:14,2
DA:15,2
DA:16,2
DA:19,1
DA:20,1
DA:33,1
DA:34,1
DA:37,2
DA:51,0
LF:10
LH:9
BRF:0
BRH:0
end_of_record
TN:
SF:app/policy/[id]/addDocument.tsx
FN:14,AddDocument
FN:22,handleAdd
FN:67,(anonymous_2)
FN:72,(anonymous_3)
FN:77,(anonymous_4)
FNF:5
FNH:3
FNDA:3,AddDocument
FNDA:1,handleAdd
FNDA:0,(anonymous_2)
FNDA:1,(anonymous_3)
FNDA:0,(anonymous_4)
DA:15,3
DA:16,3
DA:17,3
DA:19,3
DA:20,3
DA:26,1
DA:27,1
DA:28,1
DA:30,1
DA:31,1
DA:33,1
DA:38,1
DA:44,1
DA:45,1
DA:52,1
DA:54,0
DA:56,1
DA:60,3
DA:61,1
DA:64,2
DA:67,0
DA:72,1
DA:77,0
LF:23
LH:20
BRDA:31,0,0,0
BRDA:31,0,1,1
BRDA:35,1,0,1
BRDA:35,1,1,0
BRDA:54,2,0,0
BRDA:54,2,1,0
BRDA:60,3,0,1
BRDA:60,3,1,2
BRDA:66,4,0,2
BRDA:66,4,1,0
BRF:10
BRH:5
end_of_record
TN:
SF:app/policy/[id]/addReminder.tsx
FN:17,AddReminder
FN:26,saveReminder
FN:66,(anonymous_2)
FN:75,(anonymous_3)
FN:79,(anonymous_4)
FN:92,(anonymous_5)
FNF:6
FNH:2
FNDA:2,AddReminder
FNDA:1,saveReminder
FNDA:0,(anonymous_2)
FNDA:0,(anonymous_3)
FNDA:0,(anonymous_4)
FNDA:0,(anonymous_5)
DA:18,2
DA:19,2
DA:20,2
DA:21,2
DA:22,2
DA:23,2
DA:24,2
DA:27,1
DA:28,1
DA:29,0
DA:32,1
DA:33,1
DA:41,1
DA:48,1
DA:49,1
DA:51,1
DA:54,2
DA:66,0
DA:76,0
DA:77,0
DA:79,0
DA:93,0
DA:103,1
LF:23
LH:17
BRDA:28,0,0,0
BRDA:28,0,1,1
BRF:2
BRH:1
end_of_record
TN:
SF:app/policy/[id]/editPolicy.tsx
FN:12,EditPolicy
FN:14,(anonymous_1)
FN:21,handleSave
FNF:3
FNH:3
FNDA:3,EditPolicy
FNDA:5,(anonymous_1)
FNDA:1,handleSave
DA:13,3
DA:14,5
DA:15,3
DA:16,3
DA:17,3
DA:19,3
DA:22,1
DA:23,1
DA:26,3
LF:9
LH:9
BRDA:15,0,0,3
BRDA:15,0,1,0
BRDA:19,1,0,0
BRDA:19,1,1,3
BRF:4
BRH:2
end_of_record
TN:
SF:src/data/api/client.ts
FN:10,(anonymous_0)
FN:11,(anonymous_1)
FN:21,(anonymous_2)
FN:22,(anonymous_3)
FN:23,(anonymous_4)
FN:24,(anonymous_5)
FNF:6
FNH:4
FNDA:12,(anonymous_0)
FNDA:3,(anonymous_1)
FNDA:1,(anonymous_2)
FNDA:2,(anonymous_3)
FNDA:0,(anonymous_4)
FNDA:0,(anonymous_5)
DA:12,3
DA:13,3
DA:14,3
DA:15,3
DA:18,2
DA:19,2
DA:21,1
DA:22,2
DA:23,0
DA:24,0
LF:10
LH:8
BRDA:14,0,0,0
BRDA:14,0,1,3
BRDA:15,1,0,3
BRDA:15,1,1,1
BRDA:16,2,0,2
BRDA:16,2,1,1
BRDA:18,3,0,0
BRDA:18,3,1,2
BRF:8
BRH:6
end_of_record
TN:
SF:src/data/mappers/policyMapper.ts
FN:17,fromDTO
FN:32,toDTO
FNF:2
FNH:2
FNDA:2,fromDTO
FNDA:2,toDTO
DA:18,2
DA:33,2
LF:2
LH:2
BRF:0
BRH:0
end_of_record
TN:
SF:src/data/repositories/policyRepository.ts
FN:14,(anonymous_0)
FN:15,(anonymous_1)
FN:19,(anonymous_2)
FN:23,(anonymous_3)
FN:27,(anonymous_4)
FN:34,(anonymous_5)
FN:35,(anonymous_6)
FN:36,(anonymous_7)
FN:37,(anonymous_8)
FNF:9
FNH:3
FNDA:12,(anonymous_0)
FNDA:1,(anonymous_1)
FNDA:2,(anonymous_2)
FNDA:0,(anonymous_3)
FNDA:0,(anonymous_4)
FNDA:0,(anonymous_5)
FNDA:0,(anonymous_6)
FNDA:0,(anonymous_7)
FNDA:0,(anonymous_8)
DA:16,1
DA:17,1
DA:20,2
DA:21,1
DA:24,0
DA:25,0
DA:27,0
DA:33,0
DA:34,0
DA:35,0
DA:36,0
DA:37,0
LF:12
LH:4
BRF:0
BRH:0
end_of_record
TN:
SF:src/domain/usecases/createPolicy.ts
FN:11,(anonymous_0)
FN:11,(anonymous_1)
FNF:2
FNH:2
FNDA:2,(anonymous_0)
FNDA:2,(anonymous_1)
DA:9,2
DA:11,2
DA:13,2
DA:14,2
DA:15,2
DA:16,1
DA:18,1
LF:7
LH:7
BRDA:15,0,0,1
BRDA:15,0,1,1
BRF:2
BRH:2
end_of_record
TN:
SF:src/domain/usecases/scheduleReminder.ts
FN:7,(anonymous_0)
FN:8,(anonymous_1)
FNF:2
FNH:2
FNDA:1,(anonymous_0)
FNDA:1,(anonymous_1)
DA:7,1
DA:8,1
DA:9,1
DA:10,1
DA:11,1
DA:12,1
DA:13,1
DA:15,0
LF:8
LH:7
BRDA:15,0,0,0
BRDA:15,0,1,0
BRF:2
BRH:0
end_of_record
TN:
SF:src/domain/usecases/updatePolicy.ts
FN:6,(anonymous_0)
FN:6,(anonymous_1)
FNF:2
FNH:2
FNDA:1,(anonymous_0)
FNDA:1,(anonymous_1)
DA:6,1
DA:7,1
LF:2
LH:2
BRF:0
BRH:0
end_of_record
TN:
SF:src/services/fileStorage.ts
FN:4,persistAsset
FNF:1
FNH:0
FNDA:0,persistAsset
DA:5,0
DA:6,0
DA:7,0
DA:9,0
DA:10,0
DA:12,0
DA:14,0
LF:7
LH:0
BRDA:6,0,0,0
BRDA:6,0,1,0
BRDA:17,1,0,0
BRDA:17,1,1,0
BRDA:18,2,0,0
BRDA:18,2,1,0
BRDA:18,3,0,0
BRDA:18,3,1,0
BRF:8
BRH:0
end_of_record
TN:
SF:src/services/imagePicker.ts
FN:3,pickFromCamera
FN:11,pickFromLibrary
FNF:2
FNH:0
FNDA:0,pickFromCamera
FNDA:0,pickFromLibrary
DA:4,0
DA:5,0
DA:6,0
DA:7,0
DA:8,0
DA:12,0
DA:13,0
DA:14,0
DA:15,0
DA:16,0
LF:10
LH:0
BRDA:5,0,0,0
BRDA:5,0,1,0
BRDA:7,1,0,0
BRDA:7,1,1,0
BRDA:13,2,0,0
BRDA:13,2,1,0
BRDA:15,3,0,0
BRDA:15,3,1,0
BRF:8
BRH:0
end_of_record
TN:
SF:src/services/notifications.ts
FN:7,ensurePermissions
FN:30,scheduleLocal
FN:54,cancel
FNF:3
FNH:2
FNDA:2,ensurePermissions
FNDA:2,scheduleLocal
FNDA:0,cancel
DA:8,2
DA:9,2
DA:11,2
DA:12,0
DA:13,0
DA:16,2
DA:17,0
DA:21,2
DA:22,0
DA:31,2
DA:33,2
DA:43,2
DA:45,2
DA:46,2
DA:48,2
DA:55,0
DA:56,0
DA:58,0
LF:18
LH:11
BRDA:11,0,0,0
BRDA:11,0,1,2
BRDA:16,1,0,0
BRDA:16,1,1,2
BRDA:21,2,0,0
BRDA:21,2,1,2
BRF:6
BRH:3
end_of_record
TN:
SF:src/store/documentSlice.ts
FN:4,(anonymous_0)
FN:14,(anonymous_1)
FNF:2
FNH:0
FNDA:0,(anonymous_0)
FNDA:0,(anonymous_1)
DA:4,6
DA:5,6
DA:13,6
DA:14,6
LF:4
LH:4
BRF:0
BRH:0
end_of_record
TN:
SF:src/store/index.ts
FN:25,(anonymous_0)
FNF:1
FNH:1
FNDA:6,(anonymous_0)
DA:10,6
DA:17,6
DA:23,6
DA:25,6
DA:28,6
LF:5
LH:5
BRF:0
BRH:0
end_of_record
TN:
SF:src/store/offlineQueueSlice.ts
FN:14,(anonymous_0)
FN:17,(anonymous_1)
FN:18,(anonymous_2)
FN:20,(anonymous_3)
FNF:4
FNH:3
FNDA:2,(anonymous_0)
FNDA:1,(anonymous_1)
FNDA:1,(anonymous_2)
FNDA:0,(anonymous_3)
DA:10,9
DA:15,2
DA:18,1
DA:20,0
DA:24,9
DA:25,9
LF:6
LH:5
BRF:0
BRH:0
end_of_record
TN:
SF:src/store/policiesSlice.ts
FN:5,(anonymous_0)
FN:15,(anonymous_1)
FN:19,(anonymous_2)
FN:23,(anonymous_3)
FN:25,(anonymous_4)
FN:30,(anonymous_5)
FN:31,(anonymous_6)
FN:32,(anonymous_7)
FN:32,(anonymous_8)
FNF:9
FNH:3
FNDA:0,(anonymous_0)
FNDA:1,(anonymous_1)
FNDA:1,(anonymous_2)
FNDA:0,(anonymous_3)
FNDA:0,(anonymous_4)
FNDA:3,(anonymous_5)
FNDA:0,(anonymous_6)
FNDA:0,(anonymous_7)
FNDA:0,(anonymous_8)
DA:4,7
DA:5,0
DA:8,7
DA:16,1
DA:17,1
DA:20,1
DA:21,1
DA:24,0
DA:25,0
DA:30,7
DA:31,7
DA:32,0
DA:34,7
LF:13
LH:9
BRDA:17,0,0,0
BRDA:17,0,1,1
BRDA:17,1,0,1
BRDA:17,1,1,0
BRDA:21,2,0,0
BRDA:21,2,1,1
BRDA:21,3,0,1
BRDA:21,3,1,0
BRDA:25,4,0,0
BRDA:25,4,1,0
BRF:10
BRH:4
end_of_record
TN:
SF:src/store/remindersSlice.ts
FN:4,(anonymous_0)
FN:12,(anonymous_1)
FN:20,(anonymous_2)
FNF:3
FNH:1
FNDA:0,(anonymous_0)
FNDA:1,(anonymous_1)
FNDA:0,(anonymous_2)
DA:4,6
DA:6,6
DA:13,1
DA:14,1
DA:19,6
DA:20,6
LF:6
LH:6
BRDA:14,0,0,1
BRDA:14,0,1,0
BRF:2
BRH:1
end_of_record
TN:
SF:src/store/middleware/offlineSync.ts
FN:12,(anonymous_0)
FN:15,(anonymous_1)
FN:43,(anonymous_2)
FN:43,(anonymous_3)
FN:47,(anonymous_4)
FNF:5
FNH:4
FNDA:6,(anonymous_0)
FNDA:0,(anonymous_1)
FNDA:6,(anonymous_2)
FNDA:24,(anonymous_3)
FNDA:19,(anonymous_4)
DA:7,9
DA:8,9
DA:10,9
DA:12,9
DA:13,6
DA:15,6
DA:16,0
DA:17,0
DA:18,0
DA:19,0
DA:21,0
DA:22,0
DA:24,0
DA:25,0
DA:26,0
DA:27,0
DA:28,0
DA:29,0
DA:30,0
DA:31,0
DA:36,0
DA:40,6
DA:41,6
DA:43,24
DA:47,9
DA:48,19
DA:49,6
DA:50,6
LF:28
LH:13
BRDA:16,0,0,0
BRDA:16,0,1,0
BRDA:19,1,0,0
BRDA:19,1,1,0
BRDA:22,2,0,0
BRDA:22,2,1,0
BRDA:27,3,0,0
BRDA:27,3,1,0
BRDA:28,4,0,0
BRDA:28,4,1,0
BRDA:29,5,0,0
BRDA:29,5,1,0
BRDA:30,6,0,0
BRDA:30,6,1,0
BRDA:40,7,0,6
BRDA:40,7,1,0
BRDA:48,8,0,6
BRDA:48,8,1,13
BRF:18
BRH:3
end_of_record
TN:
SF:src/ui/theme.ts
FNF:0
FNH:0
DA:3,1
DA:12,1
DA:19,1
LF:3
LH:3
BRF:0
BRH:0
end_of_record
TN:
SF:src/ui/components/Button.tsx
FN:9,Button
FNF:1
FNH:1
FNDA:11,Button
DA:10,11
DA:21,4
LF:2
LH:2
BRDA:12,0,0,11
BRDA:12,0,1,0
BRF:2
BRH:1
end_of_record
TN:
SF:src/ui/components/Screen.tsx
FN:10,Screen
FNF:1
FNH:1
FNDA:9,Screen
DA:11,9
DA:19,4
LF:2
LH:2
BRDA:13,0,0,9
BRDA:13,0,1,9
BRF:2
BRH:2
end_of_record
TN:
SF:src/ui/components/Select.tsx
FN:17,Select
FN:29,(anonymous_1)
FNF:2
FNH:1
FNDA:4,Select
FNDA:0,(anonymous_1)
DA:18,4
DA:19,4
DA:21,4
DA:30,0
DA:31,0
DA:32,0
DA:42,2
LF:7
LH:4
BRDA:31,0,0,0
BRDA:31,0,1,0
BRF:2
BRH:0
end_of_record
TN:
SF:src/ui/components/TextField.tsx
FN:7,TextField
FNF:1
FNH:1
FNDA:7,TextField
DA:8,7
DA:22,3
LF:2
LH:2
BRF:0
BRH:0
end_of_record
TN:
SF:src/ui/feedback/ErrorView.tsx
FN:10,ErrorView
FNF:1
FNH:0
FNDA:0,ErrorView
DA:11,0
DA:25,1
LF:2
LH:1
BRDA:10,0,0,0
BRDA:16,1,0,0
BRDA:16,1,1,0
BRF:3
BRH:0
end_of_record
TN:
SF:src/ui/feedback/LoadingView.tsx
FN:3,LoadingView
FNF:1
FNH:1
FNDA:1,LoadingView
DA:4,1
DA:11,1
LF:2
LH:2
BRF:0
BRH:0
end_of_record
TN:
SF:src/utils/dates.ts
FN:2,formatDate
FN:8,daysUntil
FN:14,addDays
FNF:3
FNH:1
FNDA:2,formatDate
FNDA:0,daysUntil
FNDA:0,addDays
DA:3,2
DA:4,2
DA:9,0
DA:10,0
DA:11,0
DA:15,0
DA:16,0
DA:17,0
LF:8
LH:2
BRDA:2,0,0,2
BRDA:3,1,0,0
BRDA:3,1,1,2
BRDA:9,2,0,0
BRDA:9,2,1,0
BRDA:15,3,0,0
BRDA:15,3,1,0
BRF:7
BRH:2
end_of_record
TN:
SF:src/utils/result.ts
FN:7,Ok
FN:11,Err
FNF:2
FNH:1
FNDA:1,Ok
FNDA:0,Err
DA:8,1
DA:12,0
LF:2
LH:1
BRF:0
BRH:0
end_of_record
